<?xml version="1.0" encoding="UTF-8"?>
<!-- Generated by org.testng.reporters.JUnitReportReporter -->
<testsuite hostname="DESKTOP-I5F2NBJ" failures="0" tests="1" name="in.reqres.restAssured.POSTRequest" time="2.342" errors="0" timestamp="2023-08-22T16:04:42 IST" skipped="0">
  <testcase classname="in.reqres.restAssured.POSTRequest" name="postRequest" time="2.342"/>
  <system-out/>
</testsuite> <!-- in.reqres.restAssured.POSTRequest -->
