<?xml version="1.0" encoding="UTF-8"?>
<!-- Generated by org.testng.reporters.JUnitReportReporter -->
<testsuite hostname="DESKTOP-I5F2NBJ" failures="0" tests="1" name="in.reqres.restAssured.GETRequest" time="1.575" errors="0" timestamp="2023-08-22T16:04:17 IST" skipped="0">
  <testcase classname="in.reqres.restAssured.GETRequest" name="getRequest" time="1.575"/>
  <system-out/>
</testsuite> <!-- in.reqres.restAssured.GETRequest -->
